<?xml version="1.0" encoding="UTF-8"?>
<testsuite name="com.paytakcode.inventorymanager.InventoryManagerApplicationTests" tests="1" skipped="0" failures="0" errors="0" timestamp="2023-06-10T21:41:50" hostname="DESKTOP-798GO6D" time="0.175">
  <properties/>
  <testcase name="contextLoads()" classname="com.paytakcode.inventorymanager.InventoryManagerApplicationTests" time="0.175"/>
  <system-out><![CDATA[06:41:39.696 [Test worker] DEBUG org.springframework.test.context.BootstrapUtils - Instantiating CacheAwareContextLoaderDelegate from class [org.springframework.test.context.cache.DefaultCacheAwareContextLoaderDelegate]
06:41:39.714 [Test worker] DEBUG org.springframework.test.context.BootstrapUtils - Instantiating BootstrapContext using constructor [public org.springframework.test.context.support.DefaultBootstrapContext(java.lang.Class,org.springframework.test.context.CacheAwareContextLoaderDelegate)]
06:41:39.760 [Test worker] DEBUG org.springframework.test.context.BootstrapUtils - Instantiating TestContextBootstrapper for test class [com.paytakcode.inventorymanager.InventoryManagerApplicationTests] from class [org.springframework.boot.test.context.SpringBootTestContextBootstrapper]
06:41:39.779 [Test worker] INFO org.springframework.boot.test.context.SpringBootTestContextBootstrapper - Neither @ContextConfiguration nor @ContextHierarchy found for test class [com.paytakcode.inventorymanager.InventoryManagerApplicationTests], using SpringBootContextLoader
06:41:39.785 [Test worker] DEBUG org.springframework.test.context.support.AbstractContextLoader - Did not detect default resource location for test class [com.paytakcode.inventorymanager.InventoryManagerApplicationTests]: class path resource [com/paytakcode/inventorymanager/InventoryManagerApplicationTests-context.xml] does not exist
06:41:39.786 [Test worker] DEBUG org.springframework.test.context.support.AbstractContextLoader - Did not detect default resource location for test class [com.paytakcode.inventorymanager.InventoryManagerApplicationTests]: class path resource [com/paytakcode/inventorymanager/InventoryManagerApplicationTestsContext.groovy] does not exist
06:41:39.786 [Test worker] INFO org.springframework.test.context.support.AbstractContextLoader - Could not detect default resource locations for test class [com.paytakcode.inventorymanager.InventoryManagerApplicationTests]: no resource found for suffixes {-context.xml, Context.groovy}.
06:41:39.787 [Test worker] INFO org.springframework.test.context.support.AnnotationConfigContextLoaderUtils - Could not detect default configuration classes for test class [com.paytakcode.inventorymanager.InventoryManagerApplicationTests]: InventoryManagerApplicationTests does not declare any static, non-private, non-final, nested classes annotated with @Configuration.
06:41:39.848 [Test worker] DEBUG org.springframework.test.context.support.ActiveProfilesUtils - Could not find an 'annotation declaring class' for annotation type [org.springframework.test.context.ActiveProfiles] and class [com.paytakcode.inventorymanager.InventoryManagerApplicationTests]
06:41:39.931 [Test worker] DEBUG org.springframework.context.annotation.ClassPathScanningCandidateComponentProvider - Identified candidate component class: file [C:\Users\SanieAyshe\IdeaProjects\Inventory-Manager\build\classes\java\main\com\paytakcode\inventorymanager\InventoryManagerApplication.class]
06:41:39.933 [Test worker] INFO org.springframework.boot.test.context.SpringBootTestContextBootstrapper - Found @SpringBootConfiguration com.paytakcode.inventorymanager.InventoryManagerApplication for test class com.paytakcode.inventorymanager.InventoryManagerApplicationTests
06:41:40.082 [Test worker] DEBUG org.springframework.boot.test.context.SpringBootTestContextBootstrapper - @TestExecutionListeners is not present for class [com.paytakcode.inventorymanager.InventoryManagerApplicationTests]: using defaults.
06:41:40.083 [Test worker] INFO org.springframework.boot.test.context.SpringBootTestContextBootstrapper - Loaded default TestExecutionListener class names from location [META-INF/spring.factories]: [org.springframework.boot.test.autoconfigure.restdocs.RestDocsTestExecutionListener, org.springframework.boot.test.autoconfigure.web.client.MockRestServiceServerResetTestExecutionListener, org.springframework.boot.test.autoconfigure.web.servlet.MockMvcPrintOnlyOnFailureTestExecutionListener, org.springframework.boot.test.autoconfigure.web.servlet.WebDriverTestExecutionListener, org.springframework.boot.test.autoconfigure.webservices.client.MockWebServiceServerTestExecutionListener, org.springframework.boot.test.mock.mockito.MockitoTestExecutionListener, org.springframework.boot.test.mock.mockito.ResetMocksTestExecutionListener, org.springframework.test.context.web.ServletTestExecutionListener, org.springframework.test.context.support.DirtiesContextBeforeModesTestExecutionListener, org.springframework.test.context.event.ApplicationEventsTestExecutionListener, org.springframework.test.context.support.DependencyInjectionTestExecutionListener, org.springframework.test.context.support.DirtiesContextTestExecutionListener, org.springframework.test.context.transaction.TransactionalTestExecutionListener, org.springframework.test.context.jdbc.SqlScriptsTestExecutionListener, org.springframework.test.context.event.EventPublishingTestExecutionListener]
06:41:40.123 [Test worker] INFO org.springframework.boot.test.context.SpringBootTestContextBootstrapper - Using TestExecutionListeners: [org.springframework.test.context.web.ServletTestExecutionListener@29d2d081, org.springframework.test.context.support.DirtiesContextBeforeModesTestExecutionListener@40e4ea87, org.springframework.test.context.event.ApplicationEventsTestExecutionListener@58783f6c, org.springframework.boot.test.mock.mockito.MockitoTestExecutionListener@3a7b503d, org.springframework.boot.test.autoconfigure.SpringBootDependencyInjectionTestExecutionListener@512d92b, org.springframework.test.context.support.DirtiesContextTestExecutionListener@62c5bbdc, org.springframework.test.context.transaction.TransactionalTestExecutionListener@7bdf6bb7, org.springframework.test.context.jdbc.SqlScriptsTestExecutionListener@1bc53649, org.springframework.test.context.event.EventPublishingTestExecutionListener@88d6f9b, org.springframework.boot.test.autoconfigure.restdocs.RestDocsTestExecutionListener@47d93e0d, org.springframework.boot.test.autoconfigure.web.client.MockRestServiceServerResetTestExecutionListener@475b7792, org.springframework.boot.test.autoconfigure.web.servlet.MockMvcPrintOnlyOnFailureTestExecutionListener@751e664e, org.springframework.boot.test.autoconfigure.web.servlet.WebDriverTestExecutionListener@160c3ec1, org.springframework.boot.test.autoconfigure.webservices.client.MockWebServiceServerTestExecutionListener@182b435b, org.springframework.boot.test.mock.mockito.ResetMocksTestExecutionListener@4d0402b]
06:41:40.128 [Test worker] DEBUG org.springframework.test.context.support.AbstractDirtiesContextTestExecutionListener - Before test class: context [DefaultTestContext@74d7184a testClass = InventoryManagerApplicationTests, testInstance = [null], testMethod = [null], testException = [null], mergedContextConfiguration = [WebMergedContextConfiguration@51b01960 testClass = InventoryManagerApplicationTests, locations = '{}', classes = '{class com.paytakcode.inventorymanager.InventoryManagerApplication}', contextInitializerClasses = '[]', activeProfiles = '{}', propertySourceLocations = '{}', propertySourceProperties = '{org.springframework.boot.test.context.SpringBootTestContextBootstrapper=true}', contextCustomizers = set[org.springframework.boot.test.autoconfigure.actuate.metrics.MetricsExportContextCustomizerFactory$DisableMetricExportContextCustomizer@4febb875, org.springframework.boot.test.autoconfigure.properties.PropertyMappingContextCustomizer@0, org.springframework.boot.test.autoconfigure.web.servlet.WebDriverContextCustomizerFactory$Customizer@2bb7bd00, org.springframework.boot.test.context.filter.ExcludeFilterContextCustomizer@14b030a0, org.springframework.boot.test.json.DuplicateJsonObjectContextCustomizerFactory$DuplicateJsonObjectContextCustomizer@56bca85b, org.springframework.boot.test.mock.mockito.MockitoContextCustomizer@0, org.springframework.boot.test.web.client.TestRestTemplateContextCustomizer@7446d8d5, org.springframework.boot.test.context.SpringBootTestArgs@1, org.springframework.boot.test.context.SpringBootTestWebEnvironment@15a04efb], resourceBasePath = 'src/main/webapp', contextLoader = 'org.springframework.boot.test.context.SpringBootContextLoader', parent = [null]], attributes = map['org.springframework.test.context.web.ServletTestExecutionListener.activateListener' -> true]], class annotated with @DirtiesContext [false] with mode [null].

  .   ____          _            __ _ _
 /\\ / ___'_ __ _ _(_)_ __  __ _ \ \ \ \
( ( )\___ | '_ | '_| | '_ \/ _` | \ \ \ \
 \\/  ___)| |_)| | | | | || (_| |  ) ) ) )
  '  |____| .__|_| |_|_| |_\__, | / / / /
 =========|_|==============|___/=/_/_/_/
 :: Spring Boot ::               (v2.7.11)

2023-06-11 06:41:40.693  INFO 43924 --- [    Test worker] c.p.i.InventoryManagerApplicationTests   : Starting InventoryManagerApplicationTests using Java 11.0.17 on DESKTOP-798GO6D with PID 43924 (started by SanieAyshe in C:\Users\SanieAyshe\IdeaProjects\Inventory-Manager)
2023-06-11 06:41:40.695  INFO 43924 --- [    Test worker] c.p.i.InventoryManagerApplicationTests   : No active profile set, falling back to 1 default profile: "default"
2023-06-11 06:41:41.880  INFO 43924 --- [    Test worker] .s.d.r.c.RepositoryConfigurationDelegate : Bootstrapping Spring Data JPA repositories in DEFAULT mode.
2023-06-11 06:41:42.075  INFO 43924 --- [    Test worker] .s.d.r.c.RepositoryConfigurationDelegate : Finished Spring Data repository scanning in 183 ms. Found 10 JPA repository interfaces.
2023-06-11 06:41:42.962  INFO 43924 --- [    Test worker] o.hibernate.jpa.internal.util.LogHelper  : HHH000204: Processing PersistenceUnitInfo [name: default]
2023-06-11 06:41:43.064  INFO 43924 --- [    Test worker] org.hibernate.Version                    : HHH000412: Hibernate ORM core version 5.6.15.Final
2023-06-11 06:41:43.365  INFO 43924 --- [    Test worker] o.hibernate.annotations.common.Version   : HCANN000001: Hibernate Commons Annotations {5.1.2.Final}
2023-06-11 06:41:43.577  INFO 43924 --- [    Test worker] com.zaxxer.hikari.HikariDataSource       : HikariPool-1 - Starting...
2023-06-11 06:41:44.143  INFO 43924 --- [    Test worker] com.zaxxer.hikari.HikariDataSource       : HikariPool-1 - Start completed.
2023-06-11 06:41:44.201  INFO 43924 --- [    Test worker] org.hibernate.dialect.Dialect            : HHH000400: Using dialect: org.hibernate.dialect.MySQL8Dialect
2023-06-11 06:41:47.447  INFO 43924 --- [    Test worker] o.h.e.t.j.p.i.JtaPlatformInitiator       : HHH000490: Using JtaPlatform implementation: [org.hibernate.engine.transaction.jta.platform.internal.NoJtaPlatform]
2023-06-11 06:41:47.466  INFO 43924 --- [    Test worker] j.LocalContainerEntityManagerFactoryBean : Initialized JPA EntityManagerFactory for persistence unit 'default'
2023-06-11 06:41:49.071  INFO 43924 --- [    Test worker] o.s.s.web.DefaultSecurityFilterChain     : Will secure any request with [org.springframework.security.web.session.DisableEncodeUrlFilter@b97f195, org.springframework.security.web.context.request.async.WebAsyncManagerIntegrationFilter@408bb173, org.springframework.security.web.context.SecurityContextPersistenceFilter@61e4a072, org.springframework.security.web.header.HeaderWriterFilter@3507200d, org.springframework.web.filter.CorsFilter@360d0c7a, org.springframework.security.web.authentication.logout.LogoutFilter@2e7dd504, com.paytakcode.inventorymanager.api.v1.config.JwtFilter@1107c465, org.springframework.security.web.savedrequest.RequestCacheAwareFilter@74120029, org.springframework.security.web.servletapi.SecurityContextHolderAwareRequestFilter@3031d9e9, org.springframework.security.web.authentication.AnonymousAuthenticationFilter@32f8a37b, org.springframework.security.web.session.SessionManagementFilter@79aa675b, org.springframework.security.web.access.ExceptionTranslationFilter@5e97da56, org.springframework.security.web.access.intercept.FilterSecurityInterceptor@c7aac7c]
2023-06-11 06:41:49.432  WARN 43924 --- [    Test worker] JpaBaseConfiguration$JpaWebConfiguration : spring.jpa.open-in-view is enabled by default. Therefore, database queries may be performed during view rendering. Explicitly configure spring.jpa.open-in-view to disable this warning
2023-06-11 06:41:50.470  INFO 43924 --- [    Test worker] c.p.i.InventoryManagerApplicationTests   : Started InventoryManagerApplicationTests in 10.287 seconds (JVM running for 12.228)
]]></system-out>
  <system-err><![CDATA[]]></system-err>
</testsuite>
