<?xml version="1.0" encoding="UTF-8"?>
<testsuite name="com.paytakcode.inventorymanager.InventoryManagerApplicationTests" tests="1" skipped="0" failures="0" errors="0" timestamp="2023-06-11T00:45:27" hostname="DESKTOP-798GO6D" time="0.209">
  <properties/>
  <testcase name="contextLoads()" classname="com.paytakcode.inventorymanager.InventoryManagerApplicationTests" time="0.209"/>
  <system-out><![CDATA[09:45:17.479 [Test worker] DEBUG org.springframework.test.context.BootstrapUtils - Instantiating CacheAwareContextLoaderDelegate from class [org.springframework.test.context.cache.DefaultCacheAwareContextLoaderDelegate]
09:45:17.498 [Test worker] DEBUG org.springframework.test.context.BootstrapUtils - Instantiating BootstrapContext using constructor [public org.springframework.test.context.support.DefaultBootstrapContext(java.lang.Class,org.springframework.test.context.CacheAwareContextLoaderDelegate)]
09:45:17.549 [Test worker] DEBUG org.springframework.test.context.BootstrapUtils - Instantiating TestContextBootstrapper for test class [com.paytakcode.inventorymanager.InventoryManagerApplicationTests] from class [org.springframework.boot.test.context.SpringBootTestContextBootstrapper]
09:45:17.566 [Test worker] INFO org.springframework.boot.test.context.SpringBootTestContextBootstrapper - Neither @ContextConfiguration nor @ContextHierarchy found for test class [com.paytakcode.inventorymanager.InventoryManagerApplicationTests], using SpringBootContextLoader
09:45:17.572 [Test worker] DEBUG org.springframework.test.context.support.AbstractContextLoader - Did not detect default resource location for test class [com.paytakcode.inventorymanager.InventoryManagerApplicationTests]: class path resource [com/paytakcode/inventorymanager/InventoryManagerApplicationTests-context.xml] does not exist
09:45:17.573 [Test worker] DEBUG org.springframework.test.context.support.AbstractContextLoader - Did not detect default resource location for test class [com.paytakcode.inventorymanager.InventoryManagerApplicationTests]: class path resource [com/paytakcode/inventorymanager/InventoryManagerApplicationTestsContext.groovy] does not exist
09:45:17.573 [Test worker] INFO org.springframework.test.context.support.AbstractContextLoader - Could not detect default resource locations for test class [com.paytakcode.inventorymanager.InventoryManagerApplicationTests]: no resource found for suffixes {-context.xml, Context.groovy}.
09:45:17.574 [Test worker] INFO org.springframework.test.context.support.AnnotationConfigContextLoaderUtils - Could not detect default configuration classes for test class [com.paytakcode.inventorymanager.InventoryManagerApplicationTests]: InventoryManagerApplicationTests does not declare any static, non-private, non-final, nested classes annotated with @Configuration.
09:45:17.640 [Test worker] DEBUG org.springframework.test.context.support.ActiveProfilesUtils - Could not find an 'annotation declaring class' for annotation type [org.springframework.test.context.ActiveProfiles] and class [com.paytakcode.inventorymanager.InventoryManagerApplicationTests]
09:45:17.729 [Test worker] DEBUG org.springframework.context.annotation.ClassPathScanningCandidateComponentProvider - Identified candidate component class: file [C:\Users\SanieAyshe\IdeaProjects\Inventory-Manager\build\classes\java\main\com\paytakcode\inventorymanager\InventoryManagerApplication.class]
09:45:17.730 [Test worker] INFO org.springframework.boot.test.context.SpringBootTestContextBootstrapper - Found @SpringBootConfiguration com.paytakcode.inventorymanager.InventoryManagerApplication for test class com.paytakcode.inventorymanager.InventoryManagerApplicationTests
09:45:17.883 [Test worker] DEBUG org.springframework.boot.test.context.SpringBootTestContextBootstrapper - @TestExecutionListeners is not present for class [com.paytakcode.inventorymanager.InventoryManagerApplicationTests]: using defaults.
09:45:17.884 [Test worker] INFO org.springframework.boot.test.context.SpringBootTestContextBootstrapper - Loaded default TestExecutionListener class names from location [META-INF/spring.factories]: [org.springframework.boot.test.autoconfigure.restdocs.RestDocsTestExecutionListener, org.springframework.boot.test.autoconfigure.web.client.MockRestServiceServerResetTestExecutionListener, org.springframework.boot.test.autoconfigure.web.servlet.MockMvcPrintOnlyOnFailureTestExecutionListener, org.springframework.boot.test.autoconfigure.web.servlet.WebDriverTestExecutionListener, org.springframework.boot.test.autoconfigure.webservices.client.MockWebServiceServerTestExecutionListener, org.springframework.boot.test.mock.mockito.MockitoTestExecutionListener, org.springframework.boot.test.mock.mockito.ResetMocksTestExecutionListener, org.springframework.test.context.web.ServletTestExecutionListener, org.springframework.test.context.support.DirtiesContextBeforeModesTestExecutionListener, org.springframework.test.context.event.ApplicationEventsTestExecutionListener, org.springframework.test.context.support.DependencyInjectionTestExecutionListener, org.springframework.test.context.support.DirtiesContextTestExecutionListener, org.springframework.test.context.transaction.TransactionalTestExecutionListener, org.springframework.test.context.jdbc.SqlScriptsTestExecutionListener, org.springframework.test.context.event.EventPublishingTestExecutionListener]
09:45:17.924 [Test worker] INFO org.springframework.boot.test.context.SpringBootTestContextBootstrapper - Using TestExecutionListeners: [org.springframework.test.context.web.ServletTestExecutionListener@29d2d081, org.springframework.test.context.support.DirtiesContextBeforeModesTestExecutionListener@40e4ea87, org.springframework.test.context.event.ApplicationEventsTestExecutionListener@58783f6c, org.springframework.boot.test.mock.mockito.MockitoTestExecutionListener@3a7b503d, org.springframework.boot.test.autoconfigure.SpringBootDependencyInjectionTestExecutionListener@512d92b, org.springframework.test.context.support.DirtiesContextTestExecutionListener@62c5bbdc, org.springframework.test.context.transaction.TransactionalTestExecutionListener@7bdf6bb7, org.springframework.test.context.jdbc.SqlScriptsTestExecutionListener@1bc53649, org.springframework.test.context.event.EventPublishingTestExecutionListener@88d6f9b, org.springframework.boot.test.autoconfigure.restdocs.RestDocsTestExecutionListener@47d93e0d, org.springframework.boot.test.autoconfigure.web.client.MockRestServiceServerResetTestExecutionListener@475b7792, org.springframework.boot.test.autoconfigure.web.servlet.MockMvcPrintOnlyOnFailureTestExecutionListener@751e664e, org.springframework.boot.test.autoconfigure.web.servlet.WebDriverTestExecutionListener@160c3ec1, org.springframework.boot.test.autoconfigure.webservices.client.MockWebServiceServerTestExecutionListener@182b435b, org.springframework.boot.test.mock.mockito.ResetMocksTestExecutionListener@4d0402b]
09:45:17.930 [Test worker] DEBUG org.springframework.test.context.support.AbstractDirtiesContextTestExecutionListener - Before test class: context [DefaultTestContext@74d7184a testClass = InventoryManagerApplicationTests, testInstance = [null], testMethod = [null], testException = [null], mergedContextConfiguration = [WebMergedContextConfiguration@51b01960 testClass = InventoryManagerApplicationTests, locations = '{}', classes = '{class com.paytakcode.inventorymanager.InventoryManagerApplication}', contextInitializerClasses = '[]', activeProfiles = '{}', propertySourceLocations = '{}', propertySourceProperties = '{org.springframework.boot.test.context.SpringBootTestContextBootstrapper=true}', contextCustomizers = set[org.springframework.boot.test.autoconfigure.actuate.metrics.MetricsExportContextCustomizerFactory$DisableMetricExportContextCustomizer@4febb875, org.springframework.boot.test.autoconfigure.properties.PropertyMappingContextCustomizer@0, org.springframework.boot.test.autoconfigure.web.servlet.WebDriverContextCustomizerFactory$Customizer@2bb7bd00, org.springframework.boot.test.context.filter.ExcludeFilterContextCustomizer@14b030a0, org.springframework.boot.test.json.DuplicateJsonObjectContextCustomizerFactory$DuplicateJsonObjectContextCustomizer@56bca85b, org.springframework.boot.test.mock.mockito.MockitoContextCustomizer@0, org.springframework.boot.test.web.client.TestRestTemplateContextCustomizer@7446d8d5, org.springframework.boot.test.context.SpringBootTestArgs@1, org.springframework.boot.test.context.SpringBootTestWebEnvironment@15a04efb], resourceBasePath = 'src/main/webapp', contextLoader = 'org.springframework.boot.test.context.SpringBootContextLoader', parent = [null]], attributes = map['org.springframework.test.context.web.ServletTestExecutionListener.activateListener' -> true]], class annotated with @DirtiesContext [false] with mode [null].

  .   ____          _            __ _ _
 /\\ / ___'_ __ _ _(_)_ __  __ _ \ \ \ \
( ( )\___ | '_ | '_| | '_ \/ _` | \ \ \ \
 \\/  ___)| |_)| | | | | || (_| |  ) ) ) )
  '  |____| .__|_| |_|_| |_\__, | / / / /
 =========|_|==============|___/=/_/_/_/
 :: Spring Boot ::               (v2.7.11)

2023-06-11 09:45:18.499  INFO 43168 --- [    Test worker] c.p.i.InventoryManagerApplicationTests   : Starting InventoryManagerApplicationTests using Java 11.0.17 on DESKTOP-798GO6D with PID 43168 (started by SanieAyshe in C:\Users\SanieAyshe\IdeaProjects\Inventory-Manager)
2023-06-11 09:45:18.500  INFO 43168 --- [    Test worker] c.p.i.InventoryManagerApplicationTests   : No active profile set, falling back to 1 default profile: "default"
2023-06-11 09:45:19.748  INFO 43168 --- [    Test worker] .s.d.r.c.RepositoryConfigurationDelegate : Bootstrapping Spring Data JPA repositories in DEFAULT mode.
2023-06-11 09:45:19.947  INFO 43168 --- [    Test worker] .s.d.r.c.RepositoryConfigurationDelegate : Finished Spring Data repository scanning in 185 ms. Found 10 JPA repository interfaces.
2023-06-11 09:45:20.924  INFO 43168 --- [    Test worker] o.hibernate.jpa.internal.util.LogHelper  : HHH000204: Processing PersistenceUnitInfo [name: default]
2023-06-11 09:45:21.034  INFO 43168 --- [    Test worker] org.hibernate.Version                    : HHH000412: Hibernate ORM core version 5.6.15.Final
2023-06-11 09:45:21.382  INFO 43168 --- [    Test worker] o.hibernate.annotations.common.Version   : HCANN000001: Hibernate Commons Annotations {5.1.2.Final}
2023-06-11 09:45:21.607  INFO 43168 --- [    Test worker] com.zaxxer.hikari.HikariDataSource       : HikariPool-1 - Starting...
2023-06-11 09:45:22.118  INFO 43168 --- [    Test worker] com.zaxxer.hikari.HikariDataSource       : HikariPool-1 - Start completed.
2023-06-11 09:45:22.192  INFO 43168 --- [    Test worker] org.hibernate.dialect.Dialect            : HHH000400: Using dialect: org.hibernate.dialect.MySQL8Dialect
2023-06-11 09:45:23.971  INFO 43168 --- [    Test worker] o.h.e.t.j.p.i.JtaPlatformInitiator       : HHH000490: Using JtaPlatform implementation: [org.hibernate.engine.transaction.jta.platform.internal.NoJtaPlatform]
2023-06-11 09:45:23.990  INFO 43168 --- [    Test worker] j.LocalContainerEntityManagerFactoryBean : Initialized JPA EntityManagerFactory for persistence unit 'default'
2023-06-11 09:45:26.091  INFO 43168 --- [    Test worker] o.s.s.web.DefaultSecurityFilterChain     : Will secure any request with [org.springframework.security.web.session.DisableEncodeUrlFilter@14a5d7ee, org.springframework.security.web.context.request.async.WebAsyncManagerIntegrationFilter@4778c085, org.springframework.security.web.context.SecurityContextPersistenceFilter@342a5b57, org.springframework.security.web.header.HeaderWriterFilter@1503f434, org.springframework.web.filter.CorsFilter@76929266, org.springframework.security.web.authentication.logout.LogoutFilter@2e845f1c, com.paytakcode.inventorymanager.api.v1.config.JwtFilter@3b764e66, org.springframework.security.web.savedrequest.RequestCacheAwareFilter@7305191e, org.springframework.security.web.servletapi.SecurityContextHolderAwareRequestFilter@159314ca, org.springframework.security.web.authentication.AnonymousAuthenticationFilter@20331c8e, org.springframework.security.web.session.SessionManagementFilter@52c68925, org.springframework.security.web.access.ExceptionTranslationFilter@69542112, org.springframework.security.web.access.intercept.FilterSecurityInterceptor@b1e63b5]
2023-06-11 09:45:26.664  WARN 43168 --- [    Test worker] JpaBaseConfiguration$JpaWebConfiguration : spring.jpa.open-in-view is enabled by default. Therefore, database queries may be performed during view rendering. Explicitly configure spring.jpa.open-in-view to disable this warning
2023-06-11 09:45:27.931  INFO 43168 --- [    Test worker] c.p.i.InventoryManagerApplicationTests   : Started InventoryManagerApplicationTests in 9.946 seconds (JVM running for 11.908)
]]></system-out>
  <system-err><![CDATA[]]></system-err>
</testsuite>
